# JRE version: Java(TM) SE Runtime Environment (8.0_121-b13) (build 1.8.0_121-b13)
# Java VM: Java HotSpot(TM) 64-Bit Server VM (25.121-b13 mixed mode windows-amd64 compressed oops)
Heap:
 PSYoungGen      total 6656K, used 3910K [0x00000000d6100000, 0x00000000d6a00000, 0x0000000100000000)
  eden space 5632K, 51% used [0x00000000d6100000,0x00000000d63d52e8,0x00000000d6680000)
  from space 1024K, 98% used [0x00000000d6800000,0x00000000d68fc5f0,0x00000000d6900000)
  to   space 1536K, 0% used [0x00000000d6680000,0x00000000d6680000,0x00000000d6800000)
 ParOldGen       total 5632K, used 1115K [0x0000000082200000, 0x0000000082780000, 0x00000000d6100000)
  object space 5632K, 19% used [0x0000000082200000,0x0000000082316da0,0x0000000082780000)
 Metaspace       used 7504K, capacity 8308K, committed 8448K, reserved 1056768K
  class space    used 909K, capacity 944K, committed 1024K, reserved 1048576K
GC Heap History (10 events):
Event: 0.633 GC heap before
{Heap before GC invocations=2 (full 0):
 PSYoungGen      total 2048K, used 2032K [0x00000000d6100000, 0x00000000d6380000, 0x0000000100000000)
  eden space 1536K, 100% used [0x00000000d6100000,0x00000000d6280000,0x00000000d6280000)
  from space 512K, 96% used [0x00000000d6280000,0x00000000d62fc010,0x00000000d6300000)
  to   space 512K, 0% used [0x00000000d6300000,0x00000000d6300000,0x00000000d6380000)
 ParOldGen       total 5632K, used 85K [0x0000000082200000, 0x0000000082780000, 0x00000000d6100000)
  object space 5632K, 1% used [0x0000000082200000,0x0000000082215660,0x0000000082780000)
 Metaspace       used 4192K, capacity 5390K, committed 5760K, reserved 1056768K
  class space    used 502K, capacity 522K, committed 640K, reserved 1048576K
Event: 0.636 GC heap after
Heap after GC invocations=2 (full 0):
 PSYoungGen      total 2048K, used 480K [0x00000000d6100000, 0x00000000d6500000, 0x0000000100000000)
  eden space 1536K, 0% used [0x00000000d6100000,0x00000000d6100000,0x00000000d6280000)
  from space 512K, 93% used [0x00000000d6300000,0x00000000d6378020,0x00000000d6380000)
  to   space 512K, 0% used [0x00000000d6280000,0x00000000d6280000,0x00000000d6300000)
 ParOldGen       total 5632K, used 165K [0x0000000082200000, 0x0000000082780000, 0x00000000d6100000)
  object space 5632K, 2% used [0x0000000082200000,0x0000000082229660,0x0000000082780000)
 Metaspace       used 4192K, capacity 5390K, committed 5760K, reserved 1056768K
  class space    used 502K, capacity 522K, committed 640K, reserved 1048576K
}
Event: 0.710 GC heap before
{Heap before GC invocations=3 (full 0):
 PSYoungGen      total 2048K, used 2016K [0x00000000d6100000, 0x00000000d6500000, 0x0000000100000000)
  eden space 1536K, 100% used [0x00000000d6100000,0x00000000d6280000,0x00000000d6280000)
  from space 512K, 93% used [0x00000000d6300000,0x00000000d6378020,0x00000000d6380000)
  to   space 512K, 0% used [0x00000000d6280000,0x00000000d6280000,0x00000000d6300000)
 ParOldGen       total 5632K, used 165K [0x0000000082200000, 0x0000000082780000, 0x00000000d6100000)
  object space 5632K, 2% used [0x0000000082200000,0x0000000082229660,0x0000000082780000)
 Metaspace       used 4686K, capacity 5876K, committed 6016K, reserved 1056768K
  class space    used 579K, capacity 624K, committed 640K, reserved 1048576K
Event: 0.712 GC heap after
Heap after GC invocations=3 (full 0):
 PSYoungGen      total 2048K, used 480K [0x00000000d6100000, 0x00000000d6500000, 0x0000000100000000)
  eden space 1536K, 0% used [0x00000000d6100000,0x00000000d6100000,0x00000000d6280000)
  from space 512K, 93% used [0x00000000d6280000,0x00000000d62f8020,0x00000000d6300000)
  to   space 512K, 0% used [0x00000000d6480000,0x00000000d6480000,0x00000000d6500000)
 ParOldGen       total 5632K, used 629K [0x0000000082200000, 0x0000000082780000, 0x00000000d6100000)
  object space 5632K, 11% used [0x0000000082200000,0x000000008229d680,0x0000000082780000)
 Metaspace       used 4686K, capacity 5876K, committed 6016K, reserved 1056768K
  class space    used 579K, capacity 624K, committed 640K, reserved 1048576K
}
Event: 0.766 GC heap before
{Heap before GC invocations=4 (full 0):
 PSYoungGen      total 2048K, used 1927K [0x00000000d6100000, 0x00000000d6500000, 0x0000000100000000)
  eden space 1536K, 94% used [0x00000000d6100000,0x00000000d6269bf8,0x00000000d6280000)
  from space 512K, 93% used [0x00000000d6280000,0x00000000d62f8020,0x00000000d6300000)
  to   space 512K, 0% used [0x00000000d6480000,0x00000000d6480000,0x00000000d6500000)
 ParOldGen       total 5632K, used 629K [0x0000000082200000, 0x0000000082780000, 0x00000000d6100000)
  object space 5632K, 11% used [0x0000000082200000,0x000000008229d680,0x0000000082780000)
 Metaspace       used 5145K, capacity 6260K, committed 6400K, reserved 1056768K
  class space    used 638K, capacity 688K, committed 768K, reserved 1048576K
Event: 0.767 GC heap after
Heap after GC invocations=4 (full 0):
 PSYoungGen      total 3584K, used 495K [0x00000000d6100000, 0x00000000d6500000, 0x0000000100000000)
  eden space 3072K, 0% used [0x00000000d6100000,0x00000000d6100000,0x00000000d6400000)
  from space 512K, 96% used [0x00000000d6480000,0x00000000d64fbc20,0x00000000d6500000)
  to   space 512K, 0% used [0x00000000d6400000,0x00000000d6400000,0x00000000d6480000)
 ParOldGen       total 5632K, used 701K [0x0000000082200000, 0x0000000082780000, 0x00000000d6100000)
  object space 5632K, 12% used [0x0000000082200000,0x00000000822af680,0x0000000082780000)
 Metaspace       used 5145K, capacity 6260K, committed 6400K, reserved 1056768K
  class space    used 638K, capacity 688K, committed 768K, reserved 1048576K
}
Event: 0.891 GC heap before
{Heap before GC invocations=5 (full 0):
 PSYoungGen      total 3584K, used 3567K [0x00000000d6100000, 0x00000000d6500000, 0x0000000100000000)
  eden space 3072K, 100% used [0x00000000d6100000,0x00000000d6400000,0x00000000d6400000)
  from space 512K, 96% used [0x00000000d6480000,0x00000000d64fbc20,0x00000000d6500000)
  to   space 512K, 0% used [0x00000000d6400000,0x00000000d6400000,0x00000000d6480000)
 ParOldGen       total 5632K, used 701K [0x0000000082200000, 0x0000000082780000, 0x00000000d6100000)
  object space 5632K, 12% used [0x0000000082200000,0x00000000822af680,0x0000000082780000)
 Metaspace       used 6270K, capacity 7348K, committed 7552K, reserved 1056768K
  class space    used 790K, capacity 816K, committed 896K, reserved 1048576K
Event: 0.892 GC heap after
Heap after GC invocations=5 (full 0):
 PSYoungGen      total 3584K, used 496K [0x00000000d6100000, 0x00000000d6900000, 0x0000000100000000)
  eden space 3072K, 0% used [0x00000000d6100000,0x00000000d6100000,0x00000000d6400000)
  from space 512K, 96% used [0x00000000d6400000,0x00000000d647c010,0x00000000d6480000)
  to   space 1024K, 0% used [0x00000000d6800000,0x00000000d6800000,0x00000000d6900000)
 ParOldGen       total 5632K, used 1035K [0x0000000082200000, 0x0000000082780000, 0x00000000d6100000)
  object space 5632K, 18% used [0x0000000082200000,0x0000000082302da0,0x0000000082780000)
 Metaspace       used 6270K, capacity 7348K, committed 7552K, reserved 1056768K
  class space    used 790K, capacity 816K, committed 896K, reserved 1048576K
}
Event: 1.471 GC heap before
{Heap before GC invocations=6 (full 0):
 PSYoungGen      total 3584K, used 3568K [0x00000000d6100000, 0x00000000d6900000, 0x0000000100000000)
  eden space 3072K, 100% used [0x00000000d6100000,0x00000000d6400000,0x00000000d6400000)
  from space 512K, 96% used [0x00000000d6400000,0x00000000d647c010,0x00000000d6480000)
  to   space 1024K, 0% used [0x00000000d6800000,0x00000000d6800000,0x00000000d6900000)
 ParOldGen       total 5632K, used 1035K [0x0000000082200000, 0x0000000082780000, 0x00000000d6100000)
  object space 5632K, 18% used [0x0000000082200000,0x0000000082302da0,0x0000000082780000)
 Metaspace       used 7328K, capacity 8212K, committed 8448K, reserved 1056768K
  class space    used 890K, capacity 912K, committed 1024K, reserved 1048576K
Event: 1.475 GC heap after
Heap after GC invocations=6 (full 0):
 PSYoungGen      total 6656K, used 1009K [0x00000000d6100000, 0x00000000d6a00000, 0x0000000100000000)
  eden space 5632K, 0% used [0x00000000d6100000,0x00000000d6100000,0x00000000d6680000)
  from space 1024K, 98% used [0x00000000d6800000,0x00000000d68fc5f0,0x00000000d6900000)
  to   space 1536K, 0% used [0x00000000d6680000,0x00000000d6680000,0x00000000d6800000)
 ParOldGen       total 5632K, used 1115K [0x0000000082200000, 0x0000000082780000, 0x00000000d6100000)
  object space 5632K, 19% used [0x0000000082200000,0x0000000082316da0,0x0000000082780000)
 Metaspace       used 7328K, capacity 8212K, committed 8448K, reserved 1056768K
  class space    used 890K, capacity 912K, committed 1024K, reserved 1048576K
}

